<?xml version="1.0" encoding="UTF-8"?>
<!-- Generated by org.testng.reporters.JUnitXMLReporter -->
<testsuite hostname="LAPTOP-QLD5DGRQ" ignored="0" name="book-flight-4" tests="5" failures="0" timestamp="17 Oct 2021 13:36:50 GMT" time="15.432" errors="0">
  <testcase name="registrationPage" time="7.347" classname="com.newtours.tests.BookFlightTest"/>
  <testcase name="registrationConfirmationPage" time="0.508" classname="com.newtours.tests.BookFlightTest"/>
  <testcase name="flightDetailsPage" time="2.321" classname="com.newtours.tests.BookFlightTest"/>
  <testcase name="findFlightPage" time="0.939" classname="com.newtours.tests.BookFlightTest"/>
  <testcase name="flightConfirmationPage" time="0.743" classname="com.newtours.tests.BookFlightTest"/>
</testsuite> <!-- book-flight-4 -->
