<?xml version="1.0" encoding="UTF-8"?>
<!-- Generated by org.testng.reporters.JUnitXMLReporter -->
<testsuite hostname="LAPTOP-QLD5DGRQ" ignored="0" name="book-flight-3" tests="5" failures="0" timestamp="17 Oct 2021 13:36:34 GMT" time="15.053" errors="0">
  <testcase name="registrationPage" time="7.189" classname="com.newtours.tests.BookFlightTest"/>
  <testcase name="registrationConfirmationPage" time="0.342" classname="com.newtours.tests.BookFlightTest"/>
  <testcase name="flightDetailsPage" time="2.181" classname="com.newtours.tests.BookFlightTest"/>
  <testcase name="findFlightPage" time="0.791" classname="com.newtours.tests.BookFlightTest"/>
  <testcase name="flightConfirmationPage" time="0.804" classname="com.newtours.tests.BookFlightTest"/>
</testsuite> <!-- book-flight-3 -->
