<?xml version="1.0" encoding="UTF-8"?>
<!-- Generated by org.testng.reporters.JUnitXMLReporter -->
<testsuite hostname="LAPTOP-QLD5DGRQ" ignored="0" name="book-flight-1" tests="5" failures="0" timestamp="17 Oct 2021 13:36:03 GMT" time="21.891" errors="0">
  <testcase name="registrationPage" time="8.968" classname="com.newtours.tests.BookFlightTest"/>
  <testcase name="registrationConfirmationPage" time="0.398" classname="com.newtours.tests.BookFlightTest"/>
  <testcase name="flightDetailsPage" time="2.369" classname="com.newtours.tests.BookFlightTest"/>
  <testcase name="findFlightPage" time="1.258" classname="com.newtours.tests.BookFlightTest"/>
  <testcase name="flightConfirmationPage" time="0.953" classname="com.newtours.tests.BookFlightTest"/>
</testsuite> <!-- book-flight-1 -->
